# JRE version: OpenJDK Runtime Environment Temurin-21.0.5+11 (21.0.5+11) (build 21.0.5+11-LTS)
# Java VM: OpenJDK 64-Bit Server VM Temurin-21.0.5+11 (21.0.5+11-LTS, mixed mode, emulated-client, sharing, tiered, compressed oops, compressed class ptrs, g1 gc, windows-amd64)
GC Precious Log:
 CardTable entry size: 512
 Card Set container configuration: InlinePtr #cards 5 size 8 Array Of Cards #cards 12 size 40 Howl #buckets 4 coarsen threshold 1843 Howl Bitmap #cards 512 size 80 coarsen threshold 460 Card regions per heap region 1 cards per card region 2048
 CPUs: 8 total, 8 available
 Memory: 8118M
 Large Page Support: Disabled
 NUMA Support: Disabled
 Compressed Oops: Enabled (32-bit)
 Heap Region Size: 1M
 Heap Min Capacity: 8M
 Heap Initial Capacity: 128M
 Heap Max Capacity: 2030M
 Pre-touch: Disabled
 Parallel Workers: 8
 Concurrent Workers: 2
 Concurrent Refinement Workers: 8
 Periodic GC: Disabled
Heap:
 garbage-first heap   total 122880K, used 92027K [0x0000000081200000, 0x0000000100000000)
  region size 1024K, 63 young (64512K), 6 survivors (6144K)
 Metaspace       used 93508K, committed 94784K, reserved 1179648K
  class space    used 12170K, committed 12800K, reserved 1048576K
GC Heap History (20 events):
Event: 237184.008 GC heap after
{Heap after GC invocations=189 (full 28):
 garbage-first heap   total 122880K, used 57666K [0x0000000081200000, 0x0000000100000000)
  region size 1024K, 7 young (7168K), 7 survivors (7168K)
 Metaspace       used 92406K, committed 93696K, reserved 1179648K
  class space    used 12077K, committed 12672K, reserved 1048576K
}
Event: 237286.829 GC heap before
{Heap before GC invocations=189 (full 28):
 garbage-first heap   total 122880K, used 73026K [0x0000000081200000, 0x0000000100000000)
  region size 1024K, 23 young (23552K), 7 survivors (7168K)
 Metaspace       used 92409K, committed 93696K, reserved 1179648K
  class space    used 12078K, committed 12672K, reserved 1048576K
}
Event: 237286.911 GC heap after
{Heap after GC invocations=190 (full 29):
 garbage-first heap   total 119808K, used 33634K [0x0000000081200000, 0x0000000100000000)
  region size 1024K, 0 young (0K), 0 survivors (0K)
 Metaspace       used 92399K, committed 93696K, reserved 1179648K
  class space    used 12075K, committed 12672K, reserved 1048576K
}
Event: 237287.641 GC heap before
{Heap before GC invocations=190 (full 29):
 garbage-first heap   total 119808K, used 88930K [0x0000000081200000, 0x0000000100000000)
  region size 1024K, 55 young (56320K), 0 survivors (0K)
 Metaspace       used 92672K, committed 93952K, reserved 1179648K
  class space    used 12099K, committed 12736K, reserved 1048576K
}
Event: 237287.645 GC heap after
{Heap after GC invocations=191 (full 29):
 garbage-first heap   total 119808K, used 38631K [0x0000000081200000, 0x0000000100000000)
  region size 1024K, 5 young (5120K), 5 survivors (5120K)
 Metaspace       used 92672K, committed 93952K, reserved 1179648K
  class space    used 12099K, committed 12736K, reserved 1048576K
}
Event: 237288.135 GC heap before
{Heap before GC invocations=192 (full 29):
 garbage-first heap   total 119808K, used 94951K [0x0000000081200000, 0x0000000100000000)
  region size 1024K, 59 young (60416K), 5 survivors (5120K)
 Metaspace       used 92801K, committed 94080K, reserved 1179648K
  class space    used 12103K, committed 12736K, reserved 1048576K
}
Event: 237288.145 GC heap after
{Heap after GC invocations=193 (full 29):
 garbage-first heap   total 119808K, used 49663K [0x0000000081200000, 0x0000000100000000)
  region size 1024K, 8 young (8192K), 8 survivors (8192K)
 Metaspace       used 92801K, committed 94080K, reserved 1179648K
  class space    used 12103K, committed 12736K, reserved 1048576K
}
Event: 237288.254 GC heap before
{Heap before GC invocations=193 (full 29):
 garbage-first heap   total 119808K, used 94719K [0x0000000081200000, 0x0000000100000000)
  region size 1024K, 51 young (52224K), 8 survivors (8192K)
 Metaspace       used 92807K, committed 94080K, reserved 1179648K
  class space    used 12104K, committed 12736K, reserved 1048576K
}
Event: 237288.266 GC heap after
{Heap after GC invocations=194 (full 29):
 garbage-first heap   total 119808K, used 60362K [0x0000000081200000, 0x0000000100000000)
  region size 1024K, 7 young (7168K), 7 survivors (7168K)
 Metaspace       used 92807K, committed 94080K, reserved 1179648K
  class space    used 12104K, committed 12736K, reserved 1048576K
}
Event: 237359.075 GC heap before
{Heap before GC invocations=194 (full 29):
 garbage-first heap   total 119808K, used 78794K [0x0000000081200000, 0x0000000100000000)
  region size 1024K, 26 young (26624K), 7 survivors (7168K)
 Metaspace       used 92877K, committed 94144K, reserved 1179648K
  class space    used 12115K, committed 12736K, reserved 1048576K
}
Event: 237359.152 GC heap after
{Heap after GC invocations=195 (full 30):
 garbage-first heap   total 119808K, used 33603K [0x0000000081200000, 0x0000000100000000)
  region size 1024K, 0 young (0K), 0 survivors (0K)
 Metaspace       used 92844K, committed 94144K, reserved 1179648K
  class space    used 12110K, committed 12736K, reserved 1048576K
}
Event: 237359.870 GC heap before
{Heap before GC invocations=195 (full 30):
 garbage-first heap   total 119808K, used 87875K [0x0000000081200000, 0x0000000100000000)
  region size 1024K, 54 young (55296K), 0 survivors (0K)
 Metaspace       used 93105K, committed 94336K, reserved 1179648K
  class space    used 12132K, committed 12736K, reserved 1048576K
}
Event: 237359.874 GC heap after
{Heap after GC invocations=196 (full 30):
 garbage-first heap   total 119808K, used 38416K [0x0000000081200000, 0x0000000100000000)
  region size 1024K, 5 young (5120K), 5 survivors (5120K)
 Metaspace       used 93105K, committed 94336K, reserved 1179648K
  class space    used 12132K, committed 12736K, reserved 1048576K
}
Event: 237360.101 GC heap before
{Heap before GC invocations=197 (full 30):
 garbage-first heap   total 119808K, used 93712K [0x0000000081200000, 0x0000000100000000)
  region size 1024K, 58 young (59392K), 5 survivors (5120K)
 Metaspace       used 93299K, committed 94528K, reserved 1179648K
  class space    used 12147K, committed 12736K, reserved 1048576K
}
Event: 237360.110 GC heap after
{Heap after GC invocations=198 (full 30):
 garbage-first heap   total 119808K, used 49202K [0x0000000081200000, 0x0000000100000000)
  region size 1024K, 8 young (8192K), 8 survivors (8192K)
 Metaspace       used 93299K, committed 94528K, reserved 1179648K
  class space    used 12147K, committed 12736K, reserved 1048576K
}
Event: 237360.210 GC heap before
{Heap before GC invocations=198 (full 30):
 garbage-first heap   total 119808K, used 94258K [0x0000000081200000, 0x0000000100000000)
  region size 1024K, 51 young (52224K), 8 survivors (8192K)
 Metaspace       used 93301K, committed 94528K, reserved 1179648K
  class space    used 12147K, committed 12736K, reserved 1048576K
}
Event: 237360.221 GC heap after
{Heap after GC invocations=199 (full 30):
 garbage-first heap   total 183296K, used 59994K [0x0000000081200000, 0x0000000100000000)
  region size 1024K, 7 young (7168K), 7 survivors (7168K)
 Metaspace       used 93301K, committed 94528K, reserved 1179648K
  class space    used 12147K, committed 12736K, reserved 1048576K
}
Event: 237863.212 GC heap before
{Heap before GC invocations=199 (full 30):
 garbage-first heap   total 183296K, used 101978K [0x0000000081200000, 0x0000000100000000)
  region size 1024K, 49 young (50176K), 7 survivors (7168K)
 Metaspace       used 93304K, committed 94528K, reserved 1179648K
  class space    used 12148K, committed 12736K, reserved 1048576K
}
Event: 237863.291 GC heap after
{Heap after GC invocations=200 (full 31):
 garbage-first heap   total 122880K, used 33659K [0x0000000081200000, 0x0000000100000000)
  region size 1024K, 0 young (0K), 0 survivors (0K)
 Metaspace       used 93289K, committed 94528K, reserved 1179648K
  class space    used 12144K, committed 12736K, reserved 1048576K
}
Event: 239646.138 GC heap before
{Heap before GC invocations=200 (full 31):
 garbage-first heap   total 122880K, used 91003K [0x0000000081200000, 0x0000000100000000)
  region size 1024K, 57 young (58368K), 0 survivors (0K)
 Metaspace       used 93508K, committed 94784K, reserved 1179648K
  class space    used 12170K, committed 12800K, reserved 1048576K
}

